<?xml version="1.0" encoding="UTF-8"?>
<!-- Generated by org.testng.reporters.JUnitXMLReporter -->
<testsuite ignored="0" hostname="LAPTOP-6P3KT7T9" failures="0" tests="3" name="Test" time="1.313" errors="0" timestamp="2024-12-23T15:06:15 IST">
  <testcase classname="testSuite.BaseClass" name="@BeforeMethod getCurrentMethodAndClass" time="0.134">
    <failure type="org.apache.poi.EmptyFileException" message="The supplied file was empty (zero bytes long)">
      <![CDATA[org.apache.poi.EmptyFileException: The supplied file was empty (zero bytes long)
at org.apache.poi.util.IOUtils.peekFirstNBytes(IOUtils.java:144)
at org.apache.poi.poifs.filesystem.FileMagic.valueOf(FileMagic.java:209)
at org.apache.poi.openxml4j.opc.internal.ZipHelper.verifyZipHeader(ZipHelper.java:143)
at org.apache.poi.openxml4j.opc.internal.ZipHelper.openZipStream(ZipHelper.java:175)
at org.apache.poi.openxml4j.opc.ZipPackage.<init>(ZipPackage.java:130)
at org.apache.poi.openxml4j.opc.OPCPackage.open(OPCPackage.java:319)
at org.apache.poi.ooxml.util.PackageHelper.open(PackageHelper.java:59)
at org.apache.poi.xssf.usermodel.XSSFWorkbook.<init>(XSSFWorkbook.java:290)
at org.apache.poi.xssf.usermodel.XSSFWorkbook.<init>(XSSFWorkbook.java:286)
at utils.ExcelUtils.loadExcel(ExcelUtils.java:20)
at utils.ExcelUtils.loadTestData(ExcelUtils.java:70)
at testSuite.BaseClass.getCurrentMethodAndClass(BaseClass.java:29)
at java.base/java.util.concurrent.ThreadPoolExecutor.runWorker(ThreadPoolExecutor.java:1136)
at java.base/java.util.concurrent.ThreadPoolExecutor$Worker.run(ThreadPoolExecutor.java:635)
at java.base/java.lang.Thread.run(Thread.java:842)
... Removed 16 stack frames]]>
    </failure>
  </testcase> <!-- @BeforeMethod getCurrentMethodAndClass -->
  <testcase classname="testSuite.BaseClass" name="@BeforeMethod getCurrentMethodAndClass" time="0.134">
    <failure type="org.apache.poi.EmptyFileException" message="The supplied file was empty (zero bytes long)">
      <![CDATA[org.apache.poi.EmptyFileException: The supplied file was empty (zero bytes long)
at org.apache.poi.util.IOUtils.peekFirstNBytes(IOUtils.java:144)
at org.apache.poi.poifs.filesystem.FileMagic.valueOf(FileMagic.java:209)
at org.apache.poi.openxml4j.opc.internal.ZipHelper.verifyZipHeader(ZipHelper.java:143)
at org.apache.poi.openxml4j.opc.internal.ZipHelper.openZipStream(ZipHelper.java:175)
at org.apache.poi.openxml4j.opc.ZipPackage.<init>(ZipPackage.java:130)
at org.apache.poi.openxml4j.opc.OPCPackage.open(OPCPackage.java:319)
at org.apache.poi.ooxml.util.PackageHelper.open(PackageHelper.java:59)
at org.apache.poi.xssf.usermodel.XSSFWorkbook.<init>(XSSFWorkbook.java:290)
at org.apache.poi.xssf.usermodel.XSSFWorkbook.<init>(XSSFWorkbook.java:286)
at utils.ExcelUtils.loadExcel(ExcelUtils.java:20)
at utils.ExcelUtils.loadTestData(ExcelUtils.java:70)
at testSuite.BaseClass.getCurrentMethodAndClass(BaseClass.java:29)
at java.base/java.util.concurrent.ThreadPoolExecutor.runWorker(ThreadPoolExecutor.java:1136)
at java.base/java.util.concurrent.ThreadPoolExecutor$Worker.run(ThreadPoolExecutor.java:635)
at java.base/java.lang.Thread.run(Thread.java:842)
... Removed 16 stack frames]]>
    </failure>
  </testcase> <!-- @BeforeMethod getCurrentMethodAndClass -->
  <testcase classname="testSuite.BaseClass" name="@BeforeMethod invokeApp" time="-1.734946574111E9">
    <skipped/>
  </testcase> <!-- @BeforeMethod invokeApp -->
  <testcase classname="testSuite.BaseClass" name="@BeforeMethod invokeApp" time="-1.734946574111E9">
    <skipped/>
  </testcase> <!-- @BeforeMethod invokeApp -->
  <testcase classname="testSuite.BaseClass" name="@AfterMethod tearDownApp" time="-1.734946574117E9">
    <skipped/>
  </testcase> <!-- @AfterMethod tearDownApp -->
  <testcase classname="testSuite.BaseClass" name="@AfterMethod tearDownApp" time="-1.734946574118E9">
    <skipped/>
  </testcase> <!-- @AfterMethod tearDownApp -->
  <testcase classname="testSuite.BaseClass" name="@BeforeMethod invokeApp" time="-1.734946575242E9">
    <skipped/>
  </testcase> <!-- @BeforeMethod invokeApp -->
  <testcase classname="testSuite.BaseClass" name="@AfterMethod tearDownApp" time="-1.734946575246E9">
    <skipped/>
  </testcase> <!-- @AfterMethod tearDownApp -->
  <testcase classname="testSuite.TestCase01" name="testCase01" time="0.0">
    <skipped/>
  </testcase> <!-- testCase01 -->
  <testcase classname="testSuite.TestCase01" name="testCase02" time="0.0">
    <skipped/>
  </testcase> <!-- testCase02 -->
  <testcase classname="testSuite.TestCase01" name="testCase03" time="0.0">
    <skipped/>
  </testcase> <!-- testCase03 -->
</testsuite> <!-- Test -->
