<?xml version="1.0" encoding="UTF-8"?>
<!-- Generated by org.testng.reporters.JUnitXMLReporter -->
<testsuite ignored="0" hostname="LAPTOP-6P3KT7T9" failures="0" tests="1" name="Test2" time="0.35" errors="0" timestamp="2024-12-23T15:53:13 IST">
  <testcase classname="testSuite.BaseClass" name="@BeforeMethod getCurrentMethodAndClass" time="0.226">
    <failure type="org.apache.poi.EmptyFileException" message="The supplied file was empty (zero bytes long)">
      <![CDATA[org.apache.poi.EmptyFileException: The supplied file was empty (zero bytes long)
at org.apache.poi.util.IOUtils.peekFirstNBytes(IOUtils.java:144)
at org.apache.poi.poifs.filesystem.FileMagic.valueOf(FileMagic.java:209)
at org.apache.poi.openxml4j.opc.internal.ZipHelper.verifyZipHeader(ZipHelper.java:143)
at org.apache.poi.openxml4j.opc.internal.ZipHelper.openZipStream(ZipHelper.java:175)
at org.apache.poi.openxml4j.opc.ZipPackage.<init>(ZipPackage.java:130)
at org.apache.poi.openxml4j.opc.OPCPackage.open(OPCPackage.java:319)
at org.apache.poi.ooxml.util.PackageHelper.open(PackageHelper.java:59)
at org.apache.poi.xssf.usermodel.XSSFWorkbook.<init>(XSSFWorkbook.java:290)
at org.apache.poi.xssf.usermodel.XSSFWorkbook.<init>(XSSFWorkbook.java:286)
at utils.ExcelUtils.loadExcel(ExcelUtils.java:20)
at utils.ExcelUtils.loadTestData(ExcelUtils.java:70)
at testSuite.BaseClass.getCurrentMethodAndClass(BaseClass.java:29)
at java.base/java.util.ArrayList.forEach(ArrayList.java:1511)
at java.base/java.util.concurrent.FutureTask.run(FutureTask.java:264)
at java.base/java.util.concurrent.ThreadPoolExecutor.runWorker(ThreadPoolExecutor.java:1136)
at java.base/java.util.concurrent.ThreadPoolExecutor$Worker.run(ThreadPoolExecutor.java:635)
at java.base/java.lang.Thread.run(Thread.java:842)
... Removed 22 stack frames]]>
    </failure>
  </testcase> <!-- @BeforeMethod getCurrentMethodAndClass -->
  <testcase classname="testSuite.BaseClass" name="@BeforeMethod invokeApp" time="-1.734949393322E9">
    <skipped/>
  </testcase> <!-- @BeforeMethod invokeApp -->
  <testcase classname="testSuite.BaseClass" name="@AfterMethod tearDownApp" time="-1.734949393359E9">
    <skipped/>
  </testcase> <!-- @AfterMethod tearDownApp -->
  <testcase classname="testSuite.TestCase02" name="testCase02" time="0.0">
    <skipped/>
  </testcase> <!-- testCase02 -->
</testsuite> <!-- Test2 -->
